{"numFailedTestSuites":0,"numFailedTests":0,"numPassedTestSuites":1,"numPassedTests":13,"numPendingTestSuites":0,"numPendingTests":0,"numRuntimeErrorTestSuites":0,"numTodoTests":0,"numTotalTestSuites":1,"numTotalTests":13,"openHandles":[],"snapshot":{"added":0,"didUpdate":false,"failure":false,"filesAdded":0,"filesRemoved":0,"filesRemovedList":[],"filesUnmatched":0,"filesUpdated":0,"matched":0,"total":0,"unchecked":0,"uncheckedKeysByFile":[],"unmatched":0,"updated":0},"startTime":1619698725531,"success":true,"testResults":[{"assertionResults":[{"ancestorTitles":["App.js Sidebar 컴포넌트"],"failureMessages":[],"fullName":"App.js Sidebar 컴포넌트 App 컴포넌트의 후손 컴포넌트로 Sidebar 컴포넌트가 있어야 합니다.","location":null,"status":"passed","title":"App 컴포넌트의 후손 컴포넌트로 Sidebar 컴포넌트가 있어야 합니다."},{"ancestorTitles":["App.js Sidebar 컴포넌트"],"failureMessages":[],"fullName":"App.js Sidebar 컴포넌트 Font Awesome을 활용한 트윗 메세지 아이콘이 있어야 합니다. (className : \".far .fa-comment-dots\")","location":null,"status":"passed","title":"Font Awesome을 활용한 트윗 메세지 아이콘이 있어야 합니다. (className : \".far .fa-comment-dots\")"},{"ancestorTitles":["App.js Counter 컴포넌트"],"failureMessages":[],"fullName":"App.js Counter 컴포넌트 Feature 컴포넌트의 후손 컴포넌트로 Counter 컴포넌트가 있어야 합니다.","location":null,"status":"passed","title":"Feature 컴포넌트의 후손 컴포넌트로 Counter 컴포넌트가 있어야 합니다."},{"ancestorTitles":["App.js Counter 컴포넌트"],"failureMessages":[],"fullName":"App.js Counter 컴포넌트 트윗 갯수와 카운트가 일치해야 합니다.","location":null,"status":"passed","title":"트윗 갯수와 카운트가 일치해야 합니다."},{"ancestorTitles":["App.js Footer 컴포넌트"],"failureMessages":[],"fullName":"App.js Footer 컴포넌트 Features 컴포넌트의 후손 컴포넌트로 Footer 컴포넌트가 있어야 합니다.","location":null,"status":"passed","title":"Features 컴포넌트의 후손 컴포넌트로 Footer 컴포넌트가 있어야 합니다."},{"ancestorTitles":["App.js Footer 컴포넌트"],"failureMessages":[],"fullName":"App.js Footer 컴포넌트 Footer 컴포넌트의 후손 엘리먼트로 시멘틱 엘리먼트 footer가 있어야 합니다.","location":null,"status":"passed","title":"Footer 컴포넌트의 후손 엘리먼트로 시멘틱 엘리먼트 footer가 있어야 합니다."},{"ancestorTitles":["App.js Tweets 컴포넌트","각 트윗은"],"failureMessages":[],"fullName":"App.js Tweets 컴포넌트 각 트윗은 트윗 저자의 프로필 사진이 있어야 합니다.","location":null,"status":"passed","title":"트윗 저자의 프로필 사진이 있어야 합니다."},{"ancestorTitles":["App.js Tweets 컴포넌트","각 트윗은"],"failureMessages":[],"fullName":"App.js Tweets 컴포넌트 각 트윗은 유져 이름이 있어야 합니다.","location":null,"status":"passed","title":"유져 이름이 있어야 합니다."},{"ancestorTitles":["App.js Tweets 컴포넌트","각 트윗은"],"failureMessages":[],"fullName":"App.js Tweets 컴포넌트 각 트윗은 트윗 생성 일자(yyyy. mm. dd.) 가 있어야 합니다.","location":null,"status":"passed","title":"트윗 생성 일자(yyyy. mm. dd.) 가 있어야 합니다."},{"ancestorTitles":["App.js Tweets 컴포넌트","각 트윗은"],"failureMessages":[],"fullName":"App.js Tweets 컴포넌트 각 트윗은 트윗 메세지가 있어야 합니다.","location":null,"status":"passed","title":"트윗 메세지가 있어야 합니다."},{"ancestorTitles":["App.js Tweets 컴포넌트","각 트윗은"],"failureMessages":[],"fullName":"App.js Tweets 컴포넌트 각 트윗은 dummyTweets의 길이 만큼 트윗이 보여야 합니다.","location":null,"status":"passed","title":"dummyTweets의 길이 만큼 트윗이 보여야 합니다."},{"ancestorTitles":["App.js Feautres 컴포넌트"],"failureMessages":[],"fullName":"App.js Feautres 컴포넌트 App 컴포넌트의 후손 컴포넌트로 Features 컴포넌트가 있어야 합니다.","location":null,"status":"passed","title":"App 컴포넌트의 후손 컴포넌트로 Features 컴포넌트가 있어야 합니다."},{"ancestorTitles":["App.js 조건부 렌더링 테스트","parkhacker가 작성한 트윗의 경우"],"failureMessages":[],"fullName":"App.js 조건부 렌더링 테스트 parkhacker가 작성한 트윗의 경우 username 배경색이 --point-color-tint-2가 되도록 클레스를 지정해야 합니다.","location":null,"status":"passed","title":"username 배경색이 --point-color-tint-2가 되도록 클레스를 지정해야 합니다."}],"endTime":1619698727169,"message":"","name":"/Users/songha/Documents/im-sprint-react-twittler-intro-master/src/__tests__/App.test.js","startTime":1619698726005,"status":"passed","summary":""}],"wasInterrupted":false}